# JRE version: Java(TM) SE Runtime Environment (8.0_91-b14) (build 1.8.0_91-b14)
# Java VM: Java HotSpot(TM) 64-Bit Server VM (25.91-b14 mixed mode linux-amd64 compressed oops)
Heap:
 PSYoungGen      total 290304K, used 136567K [0x00000000eab00000, 0x00000000fdb00000, 0x0000000100000000)
  eden space 272384K, 50% used [0x00000000eab00000,0x00000000f305dd88,0x00000000fb500000)
  from space 17920K, 0% used [0x00000000fc780000,0x00000000fc780000,0x00000000fd900000)
  to   space 18944K, 0% used [0x00000000fb500000,0x00000000fb500000,0x00000000fc780000)
 ParOldGen       total 62976K, used 44788K [0x00000000c0000000, 0x00000000c3d80000, 0x00000000eab00000)
  object space 62976K, 71% used [0x00000000c0000000,0x00000000c2bbd1d8,0x00000000c3d80000)
 Metaspace       used 52359K, capacity 53970K, committed 54144K, reserved 1095680K
  class space    used 7144K, capacity 7549K, committed 7552K, reserved 1048576K
GC Heap History (10 events):
Event: 22.515 GC heap before
{Heap before GC invocations=13 (full 1):
 PSYoungGen      total 164352K, used 19632K [0x00000000eab00000, 0x00000000f8600000, 0x0000000100000000)
  eden space 153600K, 7% used [0x00000000eab00000,0x00000000eb6c0eb8,0x00000000f4100000)
  from space 10752K, 70% used [0x00000000f4100000,0x00000000f486b158,0x00000000f4b80000)
  to   space 11264K, 0% used [0x00000000f7b00000,0x00000000f7b00000,0x00000000f8600000)
 ParOldGen       total 45568K, used 18987K [0x00000000c0000000, 0x00000000c2c80000, 0x00000000eab00000)
  object space 45568K, 41% used [0x00000000c0000000,0x00000000c128ae00,0x00000000c2c80000)
 Metaspace       used 34614K, capacity 35354K, committed 35496K, reserved 1079296K
  class space    used 4601K, capacity 4788K, committed 4864K, reserved 1048576K
Event: 22.533 GC heap after
Heap after GC invocations=13 (full 1):
 PSYoungGen      total 212992K, used 1056K [0x00000000eab00000, 0x00000000f9c00000, 0x0000000100000000)
  eden space 201728K, 0% used [0x00000000eab00000,0x00000000eab00000,0x00000000f7000000)
  from space 11264K, 9% used [0x00000000f7b00000,0x00000000f7c08318,0x00000000f8600000)
  to   space 11264K, 0% used [0x00000000f7000000,0x00000000f7000000,0x00000000f7b00000)
 ParOldGen       total 45568K, used 22387K [0x00000000c0000000, 0x00000000c2c80000, 0x00000000eab00000)
  object space 45568K, 49% used [0x00000000c0000000,0x00000000c15dcea0,0x00000000c2c80000)
 Metaspace       used 34614K, capacity 35354K, committed 35496K, reserved 1079296K
  class space    used 4601K, capacity 4788K, committed 4864K, reserved 1048576K
}
Event: 22.533 GC heap before
{Heap before GC invocations=14 (full 2):
 PSYoungGen      total 212992K, used 1056K [0x00000000eab00000, 0x00000000f9c00000, 0x0000000100000000)
  eden space 201728K, 0% used [0x00000000eab00000,0x00000000eab00000,0x00000000f7000000)
  from space 11264K, 9% used [0x00000000f7b00000,0x00000000f7c08318,0x00000000f8600000)
  to   space 11264K, 0% used [0x00000000f7000000,0x00000000f7000000,0x00000000f7b00000)
 ParOldGen       total 45568K, used 22387K [0x00000000c0000000, 0x00000000c2c80000, 0x00000000eab00000)
  object space 45568K, 49% used [0x00000000c0000000,0x00000000c15dcea0,0x00000000c2c80000)
 Metaspace       used 34614K, capacity 35354K, committed 35496K, reserved 1079296K
  class space    used 4601K, capacity 4788K, committed 4864K, reserved 1048576K
Event: 22.760 GC heap after
Heap after GC invocations=14 (full 2):
 PSYoungGen      total 212992K, used 0K [0x00000000eab00000, 0x00000000f9c00000, 0x0000000100000000)
  eden space 201728K, 0% used [0x00000000eab00000,0x00000000eab00000,0x00000000f7000000)
  from space 11264K, 0% used [0x00000000f7b00000,0x00000000f7b00000,0x00000000f8600000)
  to   space 11264K, 0% used [0x00000000f7000000,0x00000000f7000000,0x00000000f7b00000)
 ParOldGen       total 62976K, used 16193K [0x00000000c0000000, 0x00000000c3d80000, 0x00000000eab00000)
  object space 62976K, 25% used [0x00000000c0000000,0x00000000c0fd0768,0x00000000c3d80000)
 Metaspace       used 34563K, capacity 35296K, committed 35496K, reserved 1079296K
  class space    used 4585K, capacity 4770K, committed 4864K, reserved 1048576K
}
Event: 60.350 GC heap before
{Heap before GC invocations=15 (full 2):
 PSYoungGen      total 212992K, used 201728K [0x00000000eab00000, 0x00000000f9c00000, 0x0000000100000000)
  eden space 201728K, 100% used [0x00000000eab00000,0x00000000f7000000,0x00000000f7000000)
  from space 11264K, 0% used [0x00000000f7b00000,0x00000000f7b00000,0x00000000f8600000)
  to   space 11264K, 0% used [0x00000000f7000000,0x00000000f7000000,0x00000000f7b00000)
 ParOldGen       total 62976K, used 16193K [0x00000000c0000000, 0x00000000c3d80000, 0x00000000eab00000)
  object space 62976K, 25% used [0x00000000c0000000,0x00000000c0fd0768,0x00000000c3d80000)
 Metaspace       used 47230K, capacity 48222K, committed 48384K, reserved 1091584K
  class space    used 6406K, capacity 6644K, committed 6656K, reserved 1048576K
Event: 60.396 GC heap after
Heap after GC invocations=15 (full 2):
 PSYoungGen      total 212992K, used 11240K [0x00000000eab00000, 0x00000000fd900000, 0x0000000100000000)
  eden space 201728K, 0% used [0x00000000eab00000,0x00000000eab00000,0x00000000f7000000)
  from space 11264K, 99% used [0x00000000f7000000,0x00000000f7afa168,0x00000000f7b00000)
  to   space 17920K, 0% used [0x00000000fc780000,0x00000000fc780000,0x00000000fd900000)
 ParOldGen       total 62976K, used 28867K [0x00000000c0000000, 0x00000000c3d80000, 0x00000000eab00000)
  object space 62976K, 45% used [0x00000000c0000000,0x00000000c1c30ce0,0x00000000c3d80000)
 Metaspace       used 47230K, capacity 48222K, committed 48384K, reserved 1091584K
  class space    used 6406K, capacity 6644K, committed 6656K, reserved 1048576K
}
Event: 63.142 GC heap before
{Heap before GC invocations=16 (full 2):
 PSYoungGen      total 212992K, used 131030K [0x00000000eab00000, 0x00000000fd900000, 0x0000000100000000)
  eden space 201728K, 59% used [0x00000000eab00000,0x00000000f1ffba38,0x00000000f7000000)
  from space 11264K, 99% used [0x00000000f7000000,0x00000000f7afa168,0x00000000f7b00000)
  to   space 17920K, 0% used [0x00000000fc780000,0x00000000fc780000,0x00000000fd900000)
 ParOldGen       total 62976K, used 28867K [0x00000000c0000000, 0x00000000c3d80000, 0x00000000eab00000)
  object space 62976K, 45% used [0x00000000c0000000,0x00000000c1c30ce0,0x00000000c3d80000)
 Metaspace       used 51305K, capacity 52778K, committed 53120K, reserved 1095680K
  class space    used 7046K, capacity 7449K, committed 7552K, reserved 1048576K
Event: 63.197 GC heap after
Heap after GC invocations=16 (full 2):
 PSYoungGen      total 290304K, used 13170K [0x00000000eab00000, 0x00000000fdb00000, 0x0000000100000000)
  eden space 272384K, 0% used [0x00000000eab00000,0x00000000eab00000,0x00000000fb500000)
  from space 17920K, 73% used [0x00000000fc780000,0x00000000fd45cb20,0x00000000fd900000)
  to   space 18944K, 0% used [0x00000000fb500000,0x00000000fb500000,0x00000000fc780000)
 ParOldGen       total 62976K, used 40025K [0x00000000c0000000, 0x00000000c3d80000, 0x00000000eab00000)
  object space 62976K, 63% used [0x00000000c0000000,0x00000000c2716600,0x00000000c3d80000)
 Metaspace       used 51305K, capacity 52778K, committed 53120K, reserved 1095680K
  class space    used 7046K, capacity 7449K, committed 7552K, reserved 1048576K
}
Event: 63.197 GC heap before
{Heap before GC invocations=17 (full 3):
 PSYoungGen      total 290304K, used 13170K [0x00000000eab00000, 0x00000000fdb00000, 0x0000000100000000)
  eden space 272384K, 0% used [0x00000000eab00000,0x00000000eab00000,0x00000000fb500000)
  from space 17920K, 73% used [0x00000000fc780000,0x00000000fd45cb20,0x00000000fd900000)
  to   space 18944K, 0% used [0x00000000fb500000,0x00000000fb500000,0x00000000fc780000)
 ParOldGen       total 62976K, used 40025K [0x00000000c0000000, 0x00000000c3d80000, 0x00000000eab00000)
  object space 62976K, 63% used [0x00000000c0000000,0x00000000c2716600,0x00000000c3d80000)
 Metaspace       used 51305K, capacity 52778K, committed 53120K, reserved 1095680K
  class space    used 7046K, capacity 7449K, committed 7552K, reserved 1048576K
Event: 63.619 GC heap after
Heap after GC invocations=17 (full 3):
 PSYoungGen      total 290304K, used 0K [0x00000000eab00000, 0x00000000fdb00000, 0x0000000100000000)
  eden space 272384K, 0% used [0x00000000eab00000,0x00000000eab00000,0x00000000fb500000)
  from space 17920K, 0% used [0x00000000fc780000,0x00000000fc780000,0x00000000fd900000)
  to   space 18944K, 0% used [0x00000000fb500000,0x00000000fb500000,0x00000000fc780000)
 ParOldGen       total 62976K, used 44788K [0x00000000c0000000, 0x00000000c3d80000, 0x00000000eab00000)
  object space 62976K, 71% used [0x00000000c0000000,0x00000000c2bbd1d8,0x00000000c3d80000)
 Metaspace       used 51305K, capacity 52778K, committed 53120K, reserved 1095680K
  class space    used 7046K, capacity 7449K, committed 7552K, reserved 1048576K
}

