# JRE version: Java(TM) SE Runtime Environment (8.0_91-b14) (build 1.8.0_91-b14)
# Java VM: Java HotSpot(TM) 64-Bit Server VM (25.91-b14 mixed mode linux-amd64 compressed oops)
Heap:
 PSYoungGen      total 310784K, used 241505K [0x00000000eab00000, 0x00000000ffe80000, 0x0000000100000000)
  eden space 287232K, 84% used [0x00000000eab00000,0x00000000f96d8700,0x00000000fc380000)
  from space 23552K, 0% used [0x00000000fe780000,0x00000000fe780000,0x00000000ffe80000)
  to   space 30208K, 0% used [0x00000000fc380000,0x00000000fc380000,0x00000000fe100000)
 ParOldGen       total 90624K, used 39082K [0x00000000c0000000, 0x00000000c5880000, 0x00000000eab00000)
  object space 90624K, 43% used [0x00000000c0000000,0x00000000c262abc0,0x00000000c5880000)
 Metaspace       used 61466K, capacity 65238K, committed 65368K, reserved 1105920K
  class space    used 7909K, capacity 8415K, committed 8536K, reserved 1048576K
GC Heap History (10 events):
Event: 4945.671 GC heap before
{Heap before GC invocations=45 (full 11):
 PSYoungGen      total 315904K, used 236170K [0x00000000eab00000, 0x0000000100000000, 0x0000000100000000)
  eden space 289792K, 81% used [0x00000000eab00000,0x00000000f91a2be8,0x00000000fc600000)
  from space 26112K, 0% used [0x00000000fc600000,0x00000000fc600000,0x00000000fdf80000)
  to   space 25088K, 0% used [0x00000000fe780000,0x00000000fe780000,0x0000000100000000)
 ParOldGen       total 90624K, used 39096K [0x00000000c0000000, 0x00000000c5880000, 0x00000000eab00000)
  object space 90624K, 43% used [0x00000000c0000000,0x00000000c262e3f8,0x00000000c5880000)
 Metaspace       used 60447K, capacity 63078K, committed 63192K, reserved 1103872K
  class space    used 7722K, capacity 8103K, committed 8152K, reserved 1048576K
Event: 4945.679 GC heap after
Heap after GC invocations=45 (full 11):
 PSYoungGen      total 324608K, used 2287K [0x00000000eab00000, 0x0000000100000000, 0x0000000100000000)
  eden space 299520K, 0% used [0x00000000eab00000,0x00000000eab00000,0x00000000fcf80000)
  from space 25088K, 9% used [0x00000000fe780000,0x00000000fe9bbc40,0x0000000100000000)
  to   space 24576K, 0% used [0x00000000fcf80000,0x00000000fcf80000,0x00000000fe780000)
 ParOldGen       total 90624K, used 39104K [0x00000000c0000000, 0x00000000c5880000, 0x00000000eab00000)
  object space 90624K, 43% used [0x00000000c0000000,0x00000000c26303f8,0x00000000c5880000)
 Metaspace       used 60447K, capacity 63078K, committed 63192K, reserved 1103872K
  class space    used 7722K, capacity 8103K, committed 8152K, reserved 1048576K
}
Event: 4945.679 GC heap before
{Heap before GC invocations=46 (full 12):
 PSYoungGen      total 324608K, used 2287K [0x00000000eab00000, 0x0000000100000000, 0x0000000100000000)
  eden space 299520K, 0% used [0x00000000eab00000,0x00000000eab00000,0x00000000fcf80000)
  from space 25088K, 9% used [0x00000000fe780000,0x00000000fe9bbc40,0x0000000100000000)
  to   space 24576K, 0% used [0x00000000fcf80000,0x00000000fcf80000,0x00000000fe780000)
 ParOldGen       total 90624K, used 39104K [0x00000000c0000000, 0x00000000c5880000, 0x00000000eab00000)
  object space 90624K, 43% used [0x00000000c0000000,0x00000000c26303f8,0x00000000c5880000)
 Metaspace       used 60447K, capacity 63078K, committed 63192K, reserved 1103872K
  class space    used 7722K, capacity 8103K, committed 8152K, reserved 1048576K
Event: 4945.975 GC heap after
Heap after GC invocations=46 (full 12):
 PSYoungGen      total 324608K, used 0K [0x00000000eab00000, 0x0000000100000000, 0x0000000100000000)
  eden space 299520K, 0% used [0x00000000eab00000,0x00000000eab00000,0x00000000fcf80000)
  from space 25088K, 0% used [0x00000000fe780000,0x00000000fe780000,0x0000000100000000)
  to   space 24576K, 0% used [0x00000000fcf80000,0x00000000fcf80000,0x00000000fe780000)
 ParOldGen       total 90624K, used 39673K [0x00000000c0000000, 0x00000000c5880000, 0x00000000eab00000)
  object space 90624K, 43% used [0x00000000c0000000,0x00000000c26be440,0x00000000c5880000)
 Metaspace       used 60447K, capacity 63078K, committed 63192K, reserved 1103872K
  class space    used 7722K, capacity 8103K, committed 8152K, reserved 1048576K
}
Event: 5179.770 GC heap before
{Heap before GC invocations=47 (full 12):
 PSYoungGen      total 324608K, used 299520K [0x00000000eab00000, 0x0000000100000000, 0x0000000100000000)
  eden space 299520K, 100% used [0x00000000eab00000,0x00000000fcf80000,0x00000000fcf80000)
  from space 25088K, 0% used [0x00000000fe780000,0x00000000fe780000,0x0000000100000000)
  to   space 24576K, 0% used [0x00000000fcf80000,0x00000000fcf80000,0x00000000fe780000)
 ParOldGen       total 90624K, used 39673K [0x00000000c0000000, 0x00000000c5880000, 0x00000000eab00000)
  object space 90624K, 43% used [0x00000000c0000000,0x00000000c26be440,0x00000000c5880000)
 Metaspace       used 60872K, capacity 64102K, committed 64344K, reserved 1105920K
  class space    used 7804K, capacity 8239K, committed 8280K, reserved 1048576K
Event: 5179.843 GC heap after
Heap after GC invocations=47 (full 12):
 PSYoungGen      total 311808K, used 24546K [0x00000000eab00000, 0x00000000fff80000, 0x0000000100000000)
  eden space 287232K, 0% used [0x00000000eab00000,0x00000000eab00000,0x00000000fc380000)
  from space 24576K, 99% used [0x00000000fcf80000,0x00000000fe7789e0,0x00000000fe780000)
  to   space 24576K, 0% used [0x00000000fe780000,0x00000000fe780000,0x00000000fff80000)
 ParOldGen       total 90624K, used 43938K [0x00000000c0000000, 0x00000000c5880000, 0x00000000eab00000)
  object space 90624K, 48% used [0x00000000c0000000,0x00000000c2ae8860,0x00000000c5880000)
 Metaspace       used 60872K, capacity 64102K, committed 64344K, reserved 1105920K
  class space    used 7804K, capacity 8239K, committed 8280K, reserved 1048576K
}
Event: 5181.146 GC heap before
{Heap before GC invocations=48 (full 12):
 PSYoungGen      total 311808K, used 100011K [0x00000000eab00000, 0x00000000fff80000, 0x0000000100000000)
  eden space 287232K, 26% used [0x00000000eab00000,0x00000000ef4b24e0,0x00000000fc380000)
  from space 24576K, 99% used [0x00000000fcf80000,0x00000000fe7789e0,0x00000000fe780000)
  to   space 24576K, 0% used [0x00000000fe780000,0x00000000fe780000,0x00000000fff80000)
 ParOldGen       total 90624K, used 43938K [0x00000000c0000000, 0x00000000c5880000, 0x00000000eab00000)
  object space 90624K, 48% used [0x00000000c0000000,0x00000000c2ae8860,0x00000000c5880000)
 Metaspace       used 60891K, capacity 64126K, committed 64344K, reserved 1105920K
  class space    used 7806K, capacity 8243K, committed 8280K, reserved 1048576K
Event: 5181.170 GC heap after
Heap after GC invocations=48 (full 12):
 PSYoungGen      total 310784K, used 13928K [0x00000000eab00000, 0x00000000ffe80000, 0x0000000100000000)
  eden space 287232K, 0% used [0x00000000eab00000,0x00000000eab00000,0x00000000fc380000)
  from space 23552K, 59% used [0x00000000fe780000,0x00000000ff51a200,0x00000000ffe80000)
  to   space 30208K, 0% used [0x00000000fc380000,0x00000000fc380000,0x00000000fe100000)
 ParOldGen       total 90624K, used 43938K [0x00000000c0000000, 0x00000000c5880000, 0x00000000eab00000)
  object space 90624K, 48% used [0x00000000c0000000,0x00000000c2ae8860,0x00000000c5880000)
 Metaspace       used 60891K, capacity 64126K, committed 64344K, reserved 1105920K
  class space    used 7806K, capacity 8243K, committed 8280K, reserved 1048576K
}
Event: 5181.170 GC heap before
{Heap before GC invocations=49 (full 13):
 PSYoungGen      total 310784K, used 13928K [0x00000000eab00000, 0x00000000ffe80000, 0x0000000100000000)
  eden space 287232K, 0% used [0x00000000eab00000,0x00000000eab00000,0x00000000fc380000)
  from space 23552K, 59% used [0x00000000fe780000,0x00000000ff51a200,0x00000000ffe80000)
  to   space 30208K, 0% used [0x00000000fc380000,0x00000000fc380000,0x00000000fe100000)
 ParOldGen       total 90624K, used 43938K [0x00000000c0000000, 0x00000000c5880000, 0x00000000eab00000)
  object space 90624K, 48% used [0x00000000c0000000,0x00000000c2ae8860,0x00000000c5880000)
 Metaspace       used 60891K, capacity 64126K, committed 64344K, reserved 1105920K
  class space    used 7806K, capacity 8243K, committed 8280K, reserved 1048576K
Event: 5181.607 GC heap after
Heap after GC invocations=49 (full 13):
 PSYoungGen      total 310784K, used 0K [0x00000000eab00000, 0x00000000ffe80000, 0x0000000100000000)
  eden space 287232K, 0% used [0x00000000eab00000,0x00000000eab00000,0x00000000fc380000)
  from space 23552K, 0% used [0x00000000fe780000,0x00000000fe780000,0x00000000ffe80000)
  to   space 30208K, 0% used [0x00000000fc380000,0x00000000fc380000,0x00000000fe100000)
 ParOldGen       total 90624K, used 39082K [0x00000000c0000000, 0x00000000c5880000, 0x00000000eab00000)
  object space 90624K, 43% used [0x00000000c0000000,0x00000000c262abc0,0x00000000c5880000)
 Metaspace       used 60891K, capacity 64126K, committed 64344K, reserved 1105920K
  class space    used 7806K, capacity 8243K, committed 8280K, reserved 1048576K
}

