# JRE version: Java(TM) SE Runtime Environment (8.0_92-b14) (build 1.8.0_92-b14)
# Java VM: Java HotSpot(TM) 64-Bit Server VM (25.92-b14 mixed mode linux-amd64 compressed oops)
Heap:
 PSYoungGen      total 232960K, used 82703K [0x00000000eab00000, 0x0000000100000000, 0x0000000100000000)
  eden space 116736K, 70% used [0x00000000eab00000,0x00000000efbc3ce0,0x00000000f1d00000)
  from space 116224K, 0% used [0x00000000f1d00000,0x00000000f1d00000,0x00000000f8e80000)
  to   space 116224K, 0% used [0x00000000f8e80000,0x00000000f8e80000,0x0000000100000000)
 ParOldGen       total 472576K, used 265577K [0x00000000c0000000, 0x00000000dcd80000, 0x00000000eab00000)
  object space 472576K, 56% used [0x00000000c0000000,0x00000000d035a708,0x00000000dcd80000)
 Metaspace       used 6465K, capacity 7256K, committed 7424K, reserved 1056768K
  class space    used 613K, capacity 656K, committed 768K, reserved 1048576K
GC Heap History (10 events):
Event: 45.701 GC heap before
{Heap before GC invocations=17 (full 3):
 PSYoungGen      total 232960K, used 137649K [0x00000000eab00000, 0x0000000100000000, 0x0000000100000000)
  eden space 116736K, 100% used [0x00000000eab00000,0x00000000f1d00000,0x00000000f1d00000)
  from space 116224K, 17% used [0x00000000f1d00000,0x00000000f316c578,0x00000000f8e80000)
  to   space 116224K, 0% used [0x00000000f8e80000,0x00000000f8e80000,0x0000000100000000)
 ParOldGen       total 412160K, used 238036K [0x00000000c0000000, 0x00000000d9280000, 0x00000000eab00000)
  object space 412160K, 57% used [0x00000000c0000000,0x00000000ce8750f0,0x00000000d9280000)
 Metaspace       used 6465K, capacity 7256K, committed 7424K, reserved 1056768K
  class space    used 613K, capacity 656K, committed 768K, reserved 1048576K
Event: 46.413 GC heap after
Heap after GC invocations=17 (full 3):
 PSYoungGen      total 232960K, used 19100K [0x00000000eab00000, 0x0000000100000000, 0x0000000100000000)
  eden space 116736K, 0% used [0x00000000eab00000,0x00000000eab00000,0x00000000f1d00000)
  from space 116224K, 16% used [0x00000000f8e80000,0x00000000fa127218,0x0000000100000000)
  to   space 116224K, 0% used [0x00000000f1d00000,0x00000000f1d00000,0x00000000f8e80000)
 ParOldGen       total 412160K, used 256837K [0x00000000c0000000, 0x00000000d9280000, 0x00000000eab00000)
  object space 412160K, 62% used [0x00000000c0000000,0x00000000cfad17e8,0x00000000d9280000)
 Metaspace       used 6465K, capacity 7256K, committed 7424K, reserved 1056768K
  class space    used 613K, capacity 656K, committed 768K, reserved 1048576K
}
Event: 56.032 GC heap before
{Heap before GC invocations=18 (full 3):
 PSYoungGen      total 232960K, used 135836K [0x00000000eab00000, 0x0000000100000000, 0x0000000100000000)
  eden space 116736K, 100% used [0x00000000eab00000,0x00000000f1d00000,0x00000000f1d00000)
  from space 116224K, 16% used [0x00000000f8e80000,0x00000000fa127218,0x0000000100000000)
  to   space 116224K, 0% used [0x00000000f1d00000,0x00000000f1d00000,0x00000000f8e80000)
 ParOldGen       total 412160K, used 256837K [0x00000000c0000000, 0x00000000d9280000, 0x00000000eab00000)
  object space 412160K, 62% used [0x00000000c0000000,0x00000000cfad17e8,0x00000000d9280000)
 Metaspace       used 6465K, capacity 7256K, committed 7424K, reserved 1056768K
  class space    used 613K, capacity 656K, committed 768K, reserved 1048576K
Event: 56.771 GC heap after
Heap after GC invocations=18 (full 3):
 PSYoungGen      total 232960K, used 53824K [0x00000000eab00000, 0x0000000100000000, 0x0000000100000000)
  eden space 116736K, 0% used [0x00000000eab00000,0x00000000eab00000,0x00000000f1d00000)
  from space 116224K, 46% used [0x00000000f1d00000,0x00000000f5190318,0x00000000f8e80000)
  to   space 116224K, 0% used [0x00000000f8e80000,0x00000000f8e80000,0x0000000100000000)
 ParOldGen       total 412160K, used 271457K [0x00000000c0000000, 0x00000000d9280000, 0x00000000eab00000)
  object space 412160K, 65% used [0x00000000c0000000,0x00000000d09186a0,0x00000000d9280000)
 Metaspace       used 6465K, capacity 7256K, committed 7424K, reserved 1056768K
  class space    used 613K, capacity 656K, committed 768K, reserved 1048576K
}
Event: 57.100 GC heap before
{Heap before GC invocations=19 (full 3):
 PSYoungGen      total 232960K, used 170560K [0x00000000eab00000, 0x0000000100000000, 0x0000000100000000)
  eden space 116736K, 100% used [0x00000000eab00000,0x00000000f1d00000,0x00000000f1d00000)
  from space 116224K, 46% used [0x00000000f1d00000,0x00000000f5190318,0x00000000f8e80000)
  to   space 116224K, 0% used [0x00000000f8e80000,0x00000000f8e80000,0x0000000100000000)
 ParOldGen       total 412160K, used 271457K [0x00000000c0000000, 0x00000000d9280000, 0x00000000eab00000)
  object space 412160K, 65% used [0x00000000c0000000,0x00000000d09186a0,0x00000000d9280000)
 Metaspace       used 6465K, capacity 7256K, committed 7424K, reserved 1056768K
  class space    used 613K, capacity 656K, committed 768K, reserved 1048576K
Event: 57.847 GC heap after
Heap after GC invocations=19 (full 3):
 PSYoungGen      total 232960K, used 59218K [0x00000000eab00000, 0x0000000100000000, 0x0000000100000000)
  eden space 116736K, 0% used [0x00000000eab00000,0x00000000eab00000,0x00000000f1d00000)
  from space 116224K, 50% used [0x00000000f8e80000,0x00000000fc854938,0x0000000100000000)
  to   space 116224K, 0% used [0x00000000f1d00000,0x00000000f1d00000,0x00000000f8e80000)
 ParOldGen       total 412160K, used 323733K [0x00000000c0000000, 0x00000000d9280000, 0x00000000eab00000)
  object space 412160K, 78% used [0x00000000c0000000,0x00000000d3c255a0,0x00000000d9280000)
 Metaspace       used 6465K, capacity 7256K, committed 7424K, reserved 1056768K
  class space    used 613K, capacity 656K, committed 768K, reserved 1048576K
}
Event: 59.562 GC heap before
{Heap before GC invocations=20 (full 3):
 PSYoungGen      total 232960K, used 175954K [0x00000000eab00000, 0x0000000100000000, 0x0000000100000000)
  eden space 116736K, 100% used [0x00000000eab00000,0x00000000f1d00000,0x00000000f1d00000)
  from space 116224K, 50% used [0x00000000f8e80000,0x00000000fc854938,0x0000000100000000)
  to   space 116224K, 0% used [0x00000000f1d00000,0x00000000f1d00000,0x00000000f8e80000)
 ParOldGen       total 412160K, used 323733K [0x00000000c0000000, 0x00000000d9280000, 0x00000000eab00000)
  object space 412160K, 78% used [0x00000000c0000000,0x00000000d3c255a0,0x00000000d9280000)
 Metaspace       used 6465K, capacity 7256K, committed 7424K, reserved 1056768K
  class space    used 613K, capacity 656K, committed 768K, reserved 1048576K
Event: 60.042 GC heap after
Heap after GC invocations=20 (full 3):
 PSYoungGen      total 232960K, used 46386K [0x00000000eab00000, 0x0000000100000000, 0x0000000100000000)
  eden space 116736K, 0% used [0x00000000eab00000,0x00000000eab00000,0x00000000f1d00000)
  from space 116224K, 39% used [0x00000000f1d00000,0x00000000f4a4cba8,0x00000000f8e80000)
  to   space 116224K, 0% used [0x00000000f8e80000,0x00000000f8e80000,0x0000000100000000)
 ParOldGen       total 412160K, used 385791K [0x00000000c0000000, 0x00000000d9280000, 0x00000000eab00000)
  object space 412160K, 93% used [0x00000000c0000000,0x00000000d78bfed8,0x00000000d9280000)
 Metaspace       used 6465K, capacity 7256K, committed 7424K, reserved 1056768K
  class space    used 613K, capacity 656K, committed 768K, reserved 1048576K
}
Event: 60.042 GC heap before
{Heap before GC invocations=21 (full 4):
 PSYoungGen      total 232960K, used 46386K [0x00000000eab00000, 0x0000000100000000, 0x0000000100000000)
  eden space 116736K, 0% used [0x00000000eab00000,0x00000000eab00000,0x00000000f1d00000)
  from space 116224K, 39% used [0x00000000f1d00000,0x00000000f4a4cba8,0x00000000f8e80000)
  to   space 116224K, 0% used [0x00000000f8e80000,0x00000000f8e80000,0x0000000100000000)
 ParOldGen       total 412160K, used 385791K [0x00000000c0000000, 0x00000000d9280000, 0x00000000eab00000)
  object space 412160K, 93% used [0x00000000c0000000,0x00000000d78bfed8,0x00000000d9280000)
 Metaspace       used 6465K, capacity 7256K, committed 7424K, reserved 1056768K
  class space    used 613K, capacity 656K, committed 768K, reserved 1048576K
Event: 64.497 GC heap after
Heap after GC invocations=21 (full 4):
 PSYoungGen      total 232960K, used 0K [0x00000000eab00000, 0x0000000100000000, 0x0000000100000000)
  eden space 116736K, 0% used [0x00000000eab00000,0x00000000eab00000,0x00000000f1d00000)
  from space 116224K, 0% used [0x00000000f1d00000,0x00000000f1d00000,0x00000000f8e80000)
  to   space 116224K, 0% used [0x00000000f8e80000,0x00000000f8e80000,0x0000000100000000)
 ParOldGen       total 472576K, used 265577K [0x00000000c0000000, 0x00000000dcd80000, 0x00000000eab00000)
  object space 472576K, 56% used [0x00000000c0000000,0x00000000d035a708,0x00000000dcd80000)
 Metaspace       used 6465K, capacity 7256K, committed 7424K, reserved 1056768K
  class space    used 613K, capacity 656K, committed 768K, reserved 1048576K
}

